build/app/intermediates/manifest_merge_blame_file/release/manifest-merger-blame-release-report.txt
1<?xml version="1.0" encoding="utf-8"?>
2<manifest xmlns:android="http://schemas.android.com/apk/res/android"
3    package="com.example.bookworm_fe"
4    android:versionCode="1"
5    android:versionName="1.0.0" >
6
7    <uses-sdk
8        android:minSdkVersion="21"
9        android:targetSdkVersion="35" />
10    <!--
11         Required to query activities that can process text, see:
12         https://developer.android.com/training/package-visibility and
13         https://developer.android.com/reference/android/content/Intent#ACTION_PROCESS_TEXT.
14
15         In particular, this is used by the Flutter engine in io.flutter.plugin.text.ProcessTextPlugin.
16    -->
17    <queries>
17-->src\main\AndroidManifest.xml:39:5-44:15
18        <intent>
18-->src\main\AndroidManifest.xml:40:9-43:18
19            <action android:name="android.intent.action.PROCESS_TEXT" />
19-->src\main\AndroidManifest.xml:41:13-72
19-->src\main\AndroidManifest.xml:41:21-70
20
21            <data android:mimeType="text/plain" />
21-->src\main\AndroidManifest.xml:42:13-50
21-->src\main\AndroidManifest.xml:42:19-48
22        </intent>
23    </queries>
24
25    <uses-permission android:name="android.permission.CAMERA" />
25-->[:mobile_scanner] AndroidManifest.xml:7:5-65
25-->[:mobile_scanner] AndroidManifest.xml:7:22-62
26
27    <uses-feature
27-->[:mobile_scanner] AndroidManifest.xml:9:5-11:36
28        android:name="android.hardware.camera"
28-->[:mobile_scanner] AndroidManifest.xml:10:9-47
29        android:required="false" />
29-->[:mobile_scanner] AndroidManifest.xml:11:9-33
30
31    <permission
31-->[androidx.core:core:1.13.1] AndroidManifest.xml:22:5-24:47
32        android:name="com.example.bookworm_fe.DYNAMIC_RECEIVER_NOT_EXPORTED_PERMISSION"
32-->[androidx.core:core:1.13.1] AndroidManifest.xml:23:9-81
33        android:protectionLevel="signature" />
33-->[androidx.core:core:1.13.1] AndroidManifest.xml:24:9-44
34
35    <uses-permission android:name="com.example.bookworm_fe.DYNAMIC_RECEIVER_NOT_EXPORTED_PERMISSION" /> <!-- Although the *SdkVersion is captured in gradle build files, this is required for non gradle builds -->
35-->[androidx.core:core:1.13.1] AndroidManifest.xml:26:5-97
35-->[androidx.core:core:1.13.1] AndroidManifest.xml:26:22-94
36    <!-- <uses-sdk android:minSdkVersion="14"/> -->
37    <uses-permission android:name="android.permission.ACCESS_NETWORK_STATE" />
37-->[com.google.android.datatransport:transport-backend-cct:2.3.3] AndroidManifest.xml:25:5-79
37-->[com.google.android.datatransport:transport-backend-cct:2.3.3] AndroidManifest.xml:25:22-76
38    <uses-permission android:name="android.permission.INTERNET" />
38-->[com.google.android.datatransport:transport-backend-cct:2.3.3] AndroidManifest.xml:26:5-67
38-->[com.google.android.datatransport:transport-backend-cct:2.3.3] AndroidManifest.xml:26:22-64
39
40    <application
41        android:name="android.app.Application"
41-->src\main\AndroidManifest.xml:4:9-42
42        android:appComponentFactory="androidx.core.app.CoreComponentFactory"
42-->[androidx.core:core:1.13.1] AndroidManifest.xml:28:18-86
43        android:extractNativeLibs="true"
44        android:icon="@mipmap/ic_launcher"
44-->src\main\AndroidManifest.xml:5:9-43
45        android:label="bookworm_fe" >
45-->src\main\AndroidManifest.xml:3:9-36
46        <activity
46-->src\main\AndroidManifest.xml:6:9-27:20
47            android:name="com.example.bookworm_fe.MainActivity"
47-->src\main\AndroidManifest.xml:7:13-41
48            android:configChanges="orientation|keyboardHidden|keyboard|screenSize|smallestScreenSize|locale|layoutDirection|fontScale|screenLayout|density|uiMode"
48-->src\main\AndroidManifest.xml:12:13-163
49            android:exported="true"
49-->src\main\AndroidManifest.xml:8:13-36
50            android:hardwareAccelerated="true"
50-->src\main\AndroidManifest.xml:13:13-47
51            android:launchMode="singleTop"
51-->src\main\AndroidManifest.xml:9:13-43
52            android:taskAffinity=""
52-->src\main\AndroidManifest.xml:10:13-36
53            android:theme="@style/LaunchTheme"
53-->src\main\AndroidManifest.xml:11:13-47
54            android:windowSoftInputMode="adjustResize" >
54-->src\main\AndroidManifest.xml:14:13-55
55
56            <!--
57                 Specifies an Android theme to apply to this Activity as soon as
58                 the Android process has started. This theme is visible to the user
59                 while the Flutter UI initializes. After that, this theme continues
60                 to determine the Window background behind the Flutter UI.
61            -->
62            <meta-data
62-->src\main\AndroidManifest.xml:19:13-22:17
63                android:name="io.flutter.embedding.android.NormalTheme"
63-->src\main\AndroidManifest.xml:20:15-70
64                android:resource="@style/NormalTheme" />
64-->src\main\AndroidManifest.xml:21:15-52
65
66            <intent-filter>
66-->src\main\AndroidManifest.xml:23:13-26:29
67                <action android:name="android.intent.action.MAIN" />
67-->src\main\AndroidManifest.xml:24:17-68
67-->src\main\AndroidManifest.xml:24:25-66
68
69                <category android:name="android.intent.category.LAUNCHER" />
69-->src\main\AndroidManifest.xml:25:17-76
69-->src\main\AndroidManifest.xml:25:27-74
70            </intent-filter>
71        </activity>
72        <!--
73             Don't delete the meta-data below.
74             This is used by the Flutter tool to generate GeneratedPluginRegistrant.java
75        -->
76        <meta-data
76-->src\main\AndroidManifest.xml:30:9-32:33
77            android:name="flutterEmbedding"
77-->src\main\AndroidManifest.xml:31:13-44
78            android:value="2" />
78-->src\main\AndroidManifest.xml:32:13-30
79        <!--
80        Service for holding metadata. Cannot be instantiated.
81        Metadata will be merged from other manifests.
82        -->
83        <service
83-->[androidx.camera:camera-core:1.3.4] AndroidManifest.xml:29:9-33:78
84            android:name="androidx.camera.core.impl.MetadataHolderService"
84-->[androidx.camera:camera-core:1.3.4] AndroidManifest.xml:30:13-75
85            android:enabled="false"
85-->[androidx.camera:camera-core:1.3.4] AndroidManifest.xml:31:13-36
86            android:exported="false" >
86-->[androidx.camera:camera-core:1.3.4] AndroidManifest.xml:32:13-37
87            <meta-data
87-->[androidx.camera:camera-camera2:1.3.4] AndroidManifest.xml:30:13-32:89
88                android:name="androidx.camera.core.impl.MetadataHolderService.DEFAULT_CONFIG_PROVIDER"
88-->[androidx.camera:camera-camera2:1.3.4] AndroidManifest.xml:31:17-103
89                android:value="androidx.camera.camera2.Camera2Config$DefaultProvider" />
89-->[androidx.camera:camera-camera2:1.3.4] AndroidManifest.xml:32:17-86
90        </service>
91        <service
91-->[com.google.android.gms:play-services-mlkit-barcode-scanning:18.3.0] AndroidManifest.xml:9:9-15:19
92            android:name="com.google.mlkit.common.internal.MlKitComponentDiscoveryService"
92-->[com.google.android.gms:play-services-mlkit-barcode-scanning:18.3.0] AndroidManifest.xml:10:13-91
93            android:directBootAware="true"
93-->[com.google.mlkit:common:18.9.0] AndroidManifest.xml:17:13-43
94            android:exported="false" >
94-->[com.google.android.gms:play-services-mlkit-barcode-scanning:18.3.0] AndroidManifest.xml:11:13-37
95            <meta-data
95-->[com.google.android.gms:play-services-mlkit-barcode-scanning:18.3.0] AndroidManifest.xml:12:13-14:85
96                android:name="com.google.firebase.components:com.google.mlkit.vision.barcode.internal.BarcodeRegistrar"
96-->[com.google.android.gms:play-services-mlkit-barcode-scanning:18.3.0] AndroidManifest.xml:13:17-120
97                android:value="com.google.firebase.components.ComponentRegistrar" />
97-->[com.google.android.gms:play-services-mlkit-barcode-scanning:18.3.0] AndroidManifest.xml:14:17-82
98            <meta-data
98-->[com.google.mlkit:vision-common:17.3.0] AndroidManifest.xml:12:13-14:85
99                android:name="com.google.firebase.components:com.google.mlkit.vision.common.internal.VisionCommonRegistrar"
99-->[com.google.mlkit:vision-common:17.3.0] AndroidManifest.xml:13:17-124
100                android:value="com.google.firebase.components.ComponentRegistrar" />
100-->[com.google.mlkit:vision-common:17.3.0] AndroidManifest.xml:14:17-82
101            <meta-data
101-->[com.google.mlkit:common:18.9.0] AndroidManifest.xml:20:13-22:85
102                android:name="com.google.firebase.components:com.google.mlkit.common.internal.CommonComponentRegistrar"
102-->[com.google.mlkit:common:18.9.0] AndroidManifest.xml:21:17-120
103                android:value="com.google.firebase.components.ComponentRegistrar" />
103-->[com.google.mlkit:common:18.9.0] AndroidManifest.xml:22:17-82
104        </service>
105
106        <provider
106-->[com.google.mlkit:common:18.9.0] AndroidManifest.xml:9:9-13:38
107            android:name="com.google.mlkit.common.internal.MlKitInitProvider"
107-->[com.google.mlkit:common:18.9.0] AndroidManifest.xml:10:13-78
108            android:authorities="com.example.bookworm_fe.mlkitinitprovider"
108-->[com.google.mlkit:common:18.9.0] AndroidManifest.xml:11:13-69
109            android:exported="false"
109-->[com.google.mlkit:common:18.9.0] AndroidManifest.xml:12:13-37
110            android:initOrder="99" />
110-->[com.google.mlkit:common:18.9.0] AndroidManifest.xml:13:13-35
111
112        <activity
112-->[com.google.android.gms:play-services-base:18.1.0] AndroidManifest.xml:20:9-22:45
113            android:name="com.google.android.gms.common.api.GoogleApiActivity"
113-->[com.google.android.gms:play-services-base:18.1.0] AndroidManifest.xml:20:19-85
114            android:exported="false"
114-->[com.google.android.gms:play-services-base:18.1.0] AndroidManifest.xml:22:19-43
115            android:theme="@android:style/Theme.Translucent.NoTitleBar" />
115-->[com.google.android.gms:play-services-base:18.1.0] AndroidManifest.xml:21:19-78
116
117        <meta-data
117-->[com.google.android.gms:play-services-basement:18.1.0] AndroidManifest.xml:21:9-23:69
118            android:name="com.google.android.gms.version"
118-->[com.google.android.gms:play-services-basement:18.1.0] AndroidManifest.xml:22:13-58
119            android:value="@integer/google_play_services_version" />
119-->[com.google.android.gms:play-services-basement:18.1.0] AndroidManifest.xml:23:13-66
120
121        <uses-library
121-->[androidx.window:window:1.2.0] AndroidManifest.xml:23:9-25:40
122            android:name="androidx.window.extensions"
122-->[androidx.window:window:1.2.0] AndroidManifest.xml:24:13-54
123            android:required="false" />
123-->[androidx.window:window:1.2.0] AndroidManifest.xml:25:13-37
124        <uses-library
124-->[androidx.window:window:1.2.0] AndroidManifest.xml:26:9-28:40
125            android:name="androidx.window.sidecar"
125-->[androidx.window:window:1.2.0] AndroidManifest.xml:27:13-51
126            android:required="false" />
126-->[androidx.window:window:1.2.0] AndroidManifest.xml:28:13-37
127
128        <provider
128-->[androidx.lifecycle:lifecycle-process:2.7.0] AndroidManifest.xml:24:9-32:20
129            android:name="androidx.startup.InitializationProvider"
129-->[androidx.lifecycle:lifecycle-process:2.7.0] AndroidManifest.xml:25:13-67
130            android:authorities="com.example.bookworm_fe.androidx-startup"
130-->[androidx.lifecycle:lifecycle-process:2.7.0] AndroidManifest.xml:26:13-68
131            android:exported="false" >
131-->[androidx.lifecycle:lifecycle-process:2.7.0] AndroidManifest.xml:27:13-37
132            <meta-data
132-->[androidx.lifecycle:lifecycle-process:2.7.0] AndroidManifest.xml:29:13-31:52
133                android:name="androidx.lifecycle.ProcessLifecycleInitializer"
133-->[androidx.lifecycle:lifecycle-process:2.7.0] AndroidManifest.xml:30:17-78
134                android:value="androidx.startup" />
134-->[androidx.lifecycle:lifecycle-process:2.7.0] AndroidManifest.xml:31:17-49
135            <meta-data
135-->[androidx.profileinstaller:profileinstaller:1.3.1] AndroidManifest.xml:29:13-31:52
136                android:name="androidx.profileinstaller.ProfileInstallerInitializer"
136-->[androidx.profileinstaller:profileinstaller:1.3.1] AndroidManifest.xml:30:17-85
137                android:value="androidx.startup" />
137-->[androidx.profileinstaller:profileinstaller:1.3.1] AndroidManifest.xml:31:17-49
138        </provider>
139
140        <receiver
140-->[androidx.profileinstaller:profileinstaller:1.3.1] AndroidManifest.xml:34:9-52:20
141            android:name="androidx.profileinstaller.ProfileInstallReceiver"
141-->[androidx.profileinstaller:profileinstaller:1.3.1] AndroidManifest.xml:35:13-76
142            android:directBootAware="false"
142-->[androidx.profileinstaller:profileinstaller:1.3.1] AndroidManifest.xml:36:13-44
143            android:enabled="true"
143-->[androidx.profileinstaller:profileinstaller:1.3.1] AndroidManifest.xml:37:13-35
144            android:exported="true"
144-->[androidx.profileinstaller:profileinstaller:1.3.1] AndroidManifest.xml:38:13-36
145            android:permission="android.permission.DUMP" >
145-->[androidx.profileinstaller:profileinstaller:1.3.1] AndroidManifest.xml:39:13-57
146            <intent-filter>
146-->[androidx.profileinstaller:profileinstaller:1.3.1] AndroidManifest.xml:40:13-42:29
147                <action android:name="androidx.profileinstaller.action.INSTALL_PROFILE" />
147-->[androidx.profileinstaller:profileinstaller:1.3.1] AndroidManifest.xml:41:17-91
147-->[androidx.profileinstaller:profileinstaller:1.3.1] AndroidManifest.xml:41:25-88
148            </intent-filter>
149            <intent-filter>
149-->[androidx.profileinstaller:profileinstaller:1.3.1] AndroidManifest.xml:43:13-45:29
150                <action android:name="androidx.profileinstaller.action.SKIP_FILE" />
150-->[androidx.profileinstaller:profileinstaller:1.3.1] AndroidManifest.xml:44:17-85
150-->[androidx.profileinstaller:profileinstaller:1.3.1] AndroidManifest.xml:44:25-82
151            </intent-filter>
152            <intent-filter>
152-->[androidx.profileinstaller:profileinstaller:1.3.1] AndroidManifest.xml:46:13-48:29
153                <action android:name="androidx.profileinstaller.action.SAVE_PROFILE" />
153-->[androidx.profileinstaller:profileinstaller:1.3.1] AndroidManifest.xml:47:17-88
153-->[androidx.profileinstaller:profileinstaller:1.3.1] AndroidManifest.xml:47:25-85
154            </intent-filter>
155            <intent-filter>
155-->[androidx.profileinstaller:profileinstaller:1.3.1] AndroidManifest.xml:49:13-51:29
156                <action android:name="androidx.profileinstaller.action.BENCHMARK_OPERATION" />
156-->[androidx.profileinstaller:profileinstaller:1.3.1] AndroidManifest.xml:50:17-95
156-->[androidx.profileinstaller:profileinstaller:1.3.1] AndroidManifest.xml:50:25-92
157            </intent-filter>
158        </receiver>
159
160        <service
160-->[com.google.android.datatransport:transport-backend-cct:2.3.3] AndroidManifest.xml:29:9-35:19
161            android:name="com.google.android.datatransport.runtime.backends.TransportBackendDiscovery"
161-->[com.google.android.datatransport:transport-backend-cct:2.3.3] AndroidManifest.xml:30:13-103
162            android:exported="false" >
162-->[com.google.android.datatransport:transport-backend-cct:2.3.3] AndroidManifest.xml:31:13-37
163            <meta-data
163-->[com.google.android.datatransport:transport-backend-cct:2.3.3] AndroidManifest.xml:32:13-34:39
164                android:name="backend:com.google.android.datatransport.cct.CctBackendFactory"
164-->[com.google.android.datatransport:transport-backend-cct:2.3.3] AndroidManifest.xml:33:17-94
165                android:value="cct" />
165-->[com.google.android.datatransport:transport-backend-cct:2.3.3] AndroidManifest.xml:34:17-36
166        </service>
167        <service
167-->[com.google.android.datatransport:transport-runtime:2.2.6] AndroidManifest.xml:26:9-30:19
168            android:name="com.google.android.datatransport.runtime.scheduling.jobscheduling.JobInfoSchedulerService"
168-->[com.google.android.datatransport:transport-runtime:2.2.6] AndroidManifest.xml:27:13-117
169            android:exported="false"
169-->[com.google.android.datatransport:transport-runtime:2.2.6] AndroidManifest.xml:28:13-37
170            android:permission="android.permission.BIND_JOB_SERVICE" >
170-->[com.google.android.datatransport:transport-runtime:2.2.6] AndroidManifest.xml:29:13-69
171        </service>
172
173        <receiver
173-->[com.google.android.datatransport:transport-runtime:2.2.6] AndroidManifest.xml:32:9-34:40
174            android:name="com.google.android.datatransport.runtime.scheduling.jobscheduling.AlarmManagerSchedulerBroadcastReceiver"
174-->[com.google.android.datatransport:transport-runtime:2.2.6] AndroidManifest.xml:33:13-132
175            android:exported="false" />
175-->[com.google.android.datatransport:transport-runtime:2.2.6] AndroidManifest.xml:34:13-37
176    </application>
177
178</manifest>